This is pdfTeX, Version 3.14159265-2.6-1.40.17 (MiKTeX 2.9) (preloaded format=pdflatex 2016.6.2)  6 NOV 2017 22:24
entering extended mode
**./Capsules.tex
(Capsules.tex
LaTeX2e <2016/03/31>
Babel <3.9r> and hyphenation patterns for 75 language(s) loaded.
(C:\Users\bogda_000\AppData\Roaming\MiKTeX\2.9\tex\latex\beamer\beamer.cls
Document Class: beamer 2017/01/23 v3.41 A class for typesetting presentations
(C:\Users\bogda_000\AppData\Roaming\MiKTeX\2.9\tex\latex\etoolbox\etoolbox.sty
Package: etoolbox 2017/01/02 v2.4 e-TeX tools for LaTeX (JAW)
\etb@tempcnta=\count79
)
(C:\Users\bogda_000\AppData\Roaming\MiKTeX\2.9\tex\latex\beamer\beamerbasemodes
.sty
\beamer@tempbox=\box26
\beamer@tempcount=\count80
\c@beamerpauses=\count81

(C:\Users\bogda_000\AppData\Roaming\MiKTeX\2.9\tex\latex\beamer\beamerbasedecod
e.sty
\beamer@slideinframe=\count82
\beamer@minimum=\count83
)
\beamer@commentbox=\box27
\beamer@modecount=\count84
) ("C:\Program Files (x86)\MiKTeX 2.9\tex\generic\oberdiek\ifpdf.sty"
Package: ifpdf 2016/05/14 v3.1 Provides the ifpdf switch
)
\headheight=\dimen102
\headdp=\dimen103
\footheight=\dimen104
\sidebarheight=\dimen105
\beamer@tempdim=\dimen106
\beamer@finalheight=\dimen107
\beamer@animht=\dimen108
\beamer@animdp=\dimen109
\beamer@animwd=\dimen110
\beamer@leftmargin=\dimen111
\beamer@rightmargin=\dimen112
\beamer@leftsidebar=\dimen113
\beamer@rightsidebar=\dimen114
\beamer@boxsize=\dimen115
\beamer@vboxoffset=\dimen116
\beamer@descdefault=\dimen117
\beamer@descriptionwidth=\dimen118
\beamer@lastskip=\skip41
\beamer@areabox=\box28
\beamer@animcurrent=\box29
\beamer@animshowbox=\box30
\beamer@sectionbox=\box31
\beamer@logobox=\box32
\beamer@linebox=\box33
\beamer@sectioncount=\count85
\beamer@subsubsectionmax=\count86
\beamer@subsectionmax=\count87
\beamer@sectionmax=\count88
\beamer@totalheads=\count89
\beamer@headcounter=\count90
\beamer@partstartpage=\count91
\beamer@sectionstartpage=\count92
\beamer@subsectionstartpage=\count93
\beamer@animationtempa=\count94
\beamer@animationtempb=\count95
\beamer@xpos=\count96
\beamer@ypos=\count97
\beamer@showpartnumber=\count98
\beamer@currentsubsection=\count99
\beamer@coveringdepth=\count100
\beamer@sectionadjust=\count101
\beamer@tocsectionnumber=\count102

(C:\Users\bogda_000\AppData\Roaming\MiKTeX\2.9\tex\latex\beamer\beamerbaseoptio
ns.sty ("C:\Program Files (x86)\MiKTeX 2.9\tex\latex\graphics\keyval.sty"
Package: keyval 2014/10/28 v1.15 key=value parser (DPC)
\KV@toks@=\toks14
))
\beamer@paperwidth=\skip42
\beamer@paperheight=\skip43

("C:\Program Files (x86)\MiKTeX 2.9\tex\latex\geometry\geometry.sty"
Package: geometry 2010/09/12 v5.6 Page Geometry

("C:\Program Files (x86)\MiKTeX 2.9\tex\generic\oberdiek\ifvtex.sty"
Package: ifvtex 2016/05/16 v1.6 Detect VTeX and its facilities (HO)
Package ifvtex Info: VTeX not detected.
)
("C:\Program Files (x86)\MiKTeX 2.9\tex\generic\ifxetex\ifxetex.sty"
Package: ifxetex 2010/09/12 v0.6 Provides ifxetex conditional
)
\Gm@cnth=\count103
\Gm@cntv=\count104
\c@Gm@tempcnt=\count105
\Gm@bindingoffset=\dimen119
\Gm@wd@mp=\dimen120
\Gm@odd@mp=\dimen121
\Gm@even@mp=\dimen122
\Gm@layoutwidth=\dimen123
\Gm@layoutheight=\dimen124
\Gm@layouthoffset=\dimen125
\Gm@layoutvoffset=\dimen126
\Gm@dimlist=\toks15

("C:\Program Files (x86)\MiKTeX 2.9\tex\latex\geometry\geometry.cfg"))
("C:\Program Files (x86)\MiKTeX 2.9\tex\latex\base\size11.clo"
File: size11.clo 2014/09/29 v1.4h Standard LaTeX file (size option)
)
(C:\Users\bogda_000\AppData\Roaming\MiKTeX\2.9\tex\latex\pgf\basiclayer\pgfcore
.sty ("C:\Program Files (x86)\MiKTeX 2.9\tex\latex\graphics\graphicx.sty"
Package: graphicx 2014/10/28 v1.0g Enhanced LaTeX Graphics (DPC,SPQR)

("C:\Program Files (x86)\MiKTeX 2.9\tex\latex\graphics\graphics.sty"
Package: graphics 2016/05/09 v1.0r Standard LaTeX Graphics (DPC,SPQR)

("C:\Program Files (x86)\MiKTeX 2.9\tex\latex\graphics\trig.sty"
Package: trig 2016/01/03 v1.10 sin cos tan (DPC)
)
("C:\Program Files (x86)\MiKTeX 2.9\tex\latex\00miktex\graphics.cfg"
File: graphics.cfg 2016/01/02 v1.10 sample graphics configuration
)
Package graphics Info: Driver file: pdftex.def on input line 96.

("C:\Program Files (x86)\MiKTeX 2.9\tex\latex\pdftex-def\pdftex.def"
File: pdftex.def 2011/05/27 v0.06d Graphics/color for pdfTeX

("C:\Program Files (x86)\MiKTeX 2.9\tex\generic\oberdiek\infwarerr.sty"
Package: infwarerr 2016/05/16 v1.4 Providing info/warning/error messages (HO)
)
("C:\Program Files (x86)\MiKTeX 2.9\tex\generic\oberdiek\ltxcmds.sty"
Package: ltxcmds 2016/05/16 v1.23 LaTeX kernel commands for general use (HO)
)
\Gread@gobject=\count106
))
\Gin@req@height=\dimen127
\Gin@req@width=\dimen128
)
(C:\Users\bogda_000\AppData\Roaming\MiKTeX\2.9\tex\latex\pgf\systemlayer\pgfsys
.sty
(C:\Users\bogda_000\AppData\Roaming\MiKTeX\2.9\tex\latex\pgf\utilities\pgfrcs.s
ty
(C:\Users\bogda_000\AppData\Roaming\MiKTeX\2.9\tex\generic\pgf\utilities\pgfuti
l-common.tex
\pgfutil@everybye=\toks16
\pgfutil@tempdima=\dimen129
\pgfutil@tempdimb=\dimen130

(C:\Users\bogda_000\AppData\Roaming\MiKTeX\2.9\tex\generic\pgf\utilities\pgfuti
l-common-lists.tex))
(C:\Users\bogda_000\AppData\Roaming\MiKTeX\2.9\tex\generic\pgf\utilities\pgfuti
l-latex.def
\pgfutil@abb=\box34

(C:\Users\bogda_000\AppData\Roaming\MiKTeX\2.9\tex\latex\ms\everyshi.sty
Package: everyshi 2001/05/15 v3.00 EveryShipout Package (MS)
))
(C:\Users\bogda_000\AppData\Roaming\MiKTeX\2.9\tex\generic\pgf\utilities\pgfrcs
.code.tex
Package: pgfrcs 2015/08/07 v3.0.1a (rcs-revision 1.31)
))
(C:\Users\bogda_000\AppData\Roaming\MiKTeX\2.9\tex\generic\pgf\systemlayer\pgfs
ys.code.tex
Package: pgfsys 2014/07/09 v3.0.1a (rcs-revision 1.48)

(C:\Users\bogda_000\AppData\Roaming\MiKTeX\2.9\tex\generic\pgf\utilities\pgfkey
s.code.tex
\pgfkeys@pathtoks=\toks17
\pgfkeys@temptoks=\toks18

(C:\Users\bogda_000\AppData\Roaming\MiKTeX\2.9\tex\generic\pgf\utilities\pgfkey
sfiltered.code.tex
\pgfkeys@tmptoks=\toks19
))
\pgf@x=\dimen131
\pgf@y=\dimen132
\pgf@xa=\dimen133
\pgf@ya=\dimen134
\pgf@xb=\dimen135
\pgf@yb=\dimen136
\pgf@xc=\dimen137
\pgf@yc=\dimen138
\w@pgf@writea=\write3
\r@pgf@reada=\read1
\c@pgf@counta=\count107
\c@pgf@countb=\count108
\c@pgf@countc=\count109
\c@pgf@countd=\count110
\t@pgf@toka=\toks20
\t@pgf@tokb=\toks21
\t@pgf@tokc=\toks22

(C:\Users\bogda_000\AppData\Roaming\MiKTeX\2.9\tex\generic\pgf\systemlayer\pgf.
cfg
File: pgf.cfg 2008/05/14  (rcs-revision 1.7)
)
Driver file for pgf: pgfsys-pdftex.def

(C:\Users\bogda_000\AppData\Roaming\MiKTeX\2.9\tex\generic\pgf\systemlayer\pgfs
ys-pdftex.def
File: pgfsys-pdftex.def 2014/10/11  (rcs-revision 1.35)

(C:\Users\bogda_000\AppData\Roaming\MiKTeX\2.9\tex\generic\pgf\systemlayer\pgfs
ys-common-pdf.def
File: pgfsys-common-pdf.def 2013/10/10  (rcs-revision 1.13)
)))
(C:\Users\bogda_000\AppData\Roaming\MiKTeX\2.9\tex\generic\pgf\systemlayer\pgfs
yssoftpath.code.tex
File: pgfsyssoftpath.code.tex 2013/09/09  (rcs-revision 1.9)
\pgfsyssoftpath@smallbuffer@items=\count111
\pgfsyssoftpath@bigbuffer@items=\count112
)
(C:\Users\bogda_000\AppData\Roaming\MiKTeX\2.9\tex\generic\pgf\systemlayer\pgfs
ysprotocol.code.tex
File: pgfsysprotocol.code.tex 2006/10/16  (rcs-revision 1.4)
))
(C:\Users\bogda_000\AppData\Roaming\MiKTeX\2.9\tex\latex\xcolor\xcolor.sty
Package: xcolor 2016/05/11 v2.12 LaTeX color extensions (UK)

("C:\Program Files (x86)\MiKTeX 2.9\tex\latex\00miktex\color.cfg"
File: color.cfg 2016/01/02 v1.6 sample color configuration
)
Package xcolor Info: Driver file: pdftex.def on input line 225.
Package xcolor Info: Model `cmy' substituted by `cmy0' on input line 1348.
Package xcolor Info: Model `hsb' substituted by `rgb' on input line 1352.
Package xcolor Info: Model `RGB' extended on input line 1364.
Package xcolor Info: Model `HTML' substituted by `rgb' on input line 1366.
Package xcolor Info: Model `Hsb' substituted by `hsb' on input line 1367.
Package xcolor Info: Model `tHsb' substituted by `hsb' on input line 1368.
Package xcolor Info: Model `HSB' substituted by `hsb' on input line 1369.
Package xcolor Info: Model `Gray' substituted by `gray' on input line 1370.
Package xcolor Info: Model `wave' substituted by `hsb' on input line 1371.
)
(C:\Users\bogda_000\AppData\Roaming\MiKTeX\2.9\tex\generic\pgf\basiclayer\pgfco
re.code.tex
Package: pgfcore 2010/04/11 v3.0.1a (rcs-revision 1.7)

(C:\Users\bogda_000\AppData\Roaming\MiKTeX\2.9\tex\generic\pgf\math\pgfmath.cod
e.tex
(C:\Users\bogda_000\AppData\Roaming\MiKTeX\2.9\tex\generic\pgf\math\pgfmathcalc
.code.tex
(C:\Users\bogda_000\AppData\Roaming\MiKTeX\2.9\tex\generic\pgf\math\pgfmathutil
.code.tex)
(C:\Users\bogda_000\AppData\Roaming\MiKTeX\2.9\tex\generic\pgf\math\pgfmathpars
er.code.tex
\pgfmath@dimen=\dimen139
\pgfmath@count=\count113
\pgfmath@box=\box35
\pgfmath@toks=\toks23
\pgfmath@stack@operand=\toks24
\pgfmath@stack@operation=\toks25
)
(C:\Users\bogda_000\AppData\Roaming\MiKTeX\2.9\tex\generic\pgf\math\pgfmathfunc
tions.code.tex
(C:\Users\bogda_000\AppData\Roaming\MiKTeX\2.9\tex\generic\pgf\math\pgfmathfunc
tions.basic.code.tex)
(C:\Users\bogda_000\AppData\Roaming\MiKTeX\2.9\tex\generic\pgf\math\pgfmathfunc
tions.trigonometric.code.tex)
(C:\Users\bogda_000\AppData\Roaming\MiKTeX\2.9\tex\generic\pgf\math\pgfmathfunc
tions.random.code.tex)
(C:\Users\bogda_000\AppData\Roaming\MiKTeX\2.9\tex\generic\pgf\math\pgfmathfunc
tions.comparison.code.tex)
(C:\Users\bogda_000\AppData\Roaming\MiKTeX\2.9\tex\generic\pgf\math\pgfmathfunc
tions.base.code.tex)
(C:\Users\bogda_000\AppData\Roaming\MiKTeX\2.9\tex\generic\pgf\math\pgfmathfunc
tions.round.code.tex)
(C:\Users\bogda_000\AppData\Roaming\MiKTeX\2.9\tex\generic\pgf\math\pgfmathfunc
tions.misc.code.tex)
(C:\Users\bogda_000\AppData\Roaming\MiKTeX\2.9\tex\generic\pgf\math\pgfmathfunc
tions.integerarithmetics.code.tex)))
(C:\Users\bogda_000\AppData\Roaming\MiKTeX\2.9\tex\generic\pgf\math\pgfmathfloa
t.code.tex
\c@pgfmathroundto@lastzeros=\count114
))
(C:\Users\bogda_000\AppData\Roaming\MiKTeX\2.9\tex\generic\pgf\basiclayer\pgfco
repoints.code.tex
File: pgfcorepoints.code.tex 2013/10/07  (rcs-revision 1.27)
\pgf@picminx=\dimen140
\pgf@picmaxx=\dimen141
\pgf@picminy=\dimen142
\pgf@picmaxy=\dimen143
\pgf@pathminx=\dimen144
\pgf@pathmaxx=\dimen145
\pgf@pathminy=\dimen146
\pgf@pathmaxy=\dimen147
\pgf@xx=\dimen148
\pgf@xy=\dimen149
\pgf@yx=\dimen150
\pgf@yy=\dimen151
\pgf@zx=\dimen152
\pgf@zy=\dimen153
)
(C:\Users\bogda_000\AppData\Roaming\MiKTeX\2.9\tex\generic\pgf\basiclayer\pgfco
repathconstruct.code.tex
File: pgfcorepathconstruct.code.tex 2013/10/07  (rcs-revision 1.29)
\pgf@path@lastx=\dimen154
\pgf@path@lasty=\dimen155
)
(C:\Users\bogda_000\AppData\Roaming\MiKTeX\2.9\tex\generic\pgf\basiclayer\pgfco
repathusage.code.tex
File: pgfcorepathusage.code.tex 2014/11/02  (rcs-revision 1.24)
\pgf@shorten@end@additional=\dimen156
\pgf@shorten@start@additional=\dimen157
)
(C:\Users\bogda_000\AppData\Roaming\MiKTeX\2.9\tex\generic\pgf\basiclayer\pgfco
rescopes.code.tex
File: pgfcorescopes.code.tex 2015/05/08  (rcs-revision 1.46)
\pgfpic=\box36
\pgf@hbox=\box37
\pgf@layerbox@main=\box38
\pgf@picture@serial@count=\count115
)
(C:\Users\bogda_000\AppData\Roaming\MiKTeX\2.9\tex\generic\pgf\basiclayer\pgfco
regraphicstate.code.tex
File: pgfcoregraphicstate.code.tex 2014/11/02  (rcs-revision 1.12)
\pgflinewidth=\dimen158
)
(C:\Users\bogda_000\AppData\Roaming\MiKTeX\2.9\tex\generic\pgf\basiclayer\pgfco
retransformations.code.tex
File: pgfcoretransformations.code.tex 2015/08/07  (rcs-revision 1.20)
\pgf@pt@x=\dimen159
\pgf@pt@y=\dimen160
\pgf@pt@temp=\dimen161
)
(C:\Users\bogda_000\AppData\Roaming\MiKTeX\2.9\tex\generic\pgf\basiclayer\pgfco
requick.code.tex
File: pgfcorequick.code.tex 2008/10/09  (rcs-revision 1.3)
)
(C:\Users\bogda_000\AppData\Roaming\MiKTeX\2.9\tex\generic\pgf\basiclayer\pgfco
reobjects.code.tex
File: pgfcoreobjects.code.tex 2006/10/11  (rcs-revision 1.2)
)
(C:\Users\bogda_000\AppData\Roaming\MiKTeX\2.9\tex\generic\pgf\basiclayer\pgfco
repathprocessing.code.tex
File: pgfcorepathprocessing.code.tex 2013/09/09  (rcs-revision 1.9)
)
(C:\Users\bogda_000\AppData\Roaming\MiKTeX\2.9\tex\generic\pgf\basiclayer\pgfco
rearrows.code.tex
File: pgfcorearrows.code.tex 2015/05/14  (rcs-revision 1.43)
\pgfarrowsep=\dimen162
)
(C:\Users\bogda_000\AppData\Roaming\MiKTeX\2.9\tex\generic\pgf\basiclayer\pgfco
reshade.code.tex
File: pgfcoreshade.code.tex 2013/07/15  (rcs-revision 1.15)
\pgf@max=\dimen163
\pgf@sys@shading@range@num=\count116
)
(C:\Users\bogda_000\AppData\Roaming\MiKTeX\2.9\tex\generic\pgf\basiclayer\pgfco
reimage.code.tex
File: pgfcoreimage.code.tex 2013/07/15  (rcs-revision 1.18)

(C:\Users\bogda_000\AppData\Roaming\MiKTeX\2.9\tex\generic\pgf\basiclayer\pgfco
reexternal.code.tex
File: pgfcoreexternal.code.tex 2014/07/09  (rcs-revision 1.21)
\pgfexternal@startupbox=\box39
))
(C:\Users\bogda_000\AppData\Roaming\MiKTeX\2.9\tex\generic\pgf\basiclayer\pgfco
relayers.code.tex
File: pgfcorelayers.code.tex 2013/07/18  (rcs-revision 1.7)
)
(C:\Users\bogda_000\AppData\Roaming\MiKTeX\2.9\tex\generic\pgf\basiclayer\pgfco
retransparency.code.tex
File: pgfcoretransparency.code.tex 2013/09/30  (rcs-revision 1.5)
)
(C:\Users\bogda_000\AppData\Roaming\MiKTeX\2.9\tex\generic\pgf\basiclayer\pgfco
repatterns.code.tex
File: pgfcorepatterns.code.tex 2013/11/07  (rcs-revision 1.5)
)))
(C:\Users\bogda_000\AppData\Roaming\MiKTeX\2.9\tex\latex\pgf\utilities\xxcolor.
sty
Package: xxcolor 2003/10/24 ver 0.1
\XC@nummixins=\count117
\XC@countmixins=\count118
) ("C:\Program Files (x86)\MiKTeX 2.9\tex\generic\oberdiek\atbegshi.sty"
Package: atbegshi 2016/05/16 v1.17 At begin shipout hook (HO)
)
("C:\Program Files (x86)\MiKTeX 2.9\tex\latex\hyperref\hyperref.sty"
Package: hyperref 2016/05/05 v6.83n Hypertext links for LaTeX

("C:\Program Files (x86)\MiKTeX 2.9\tex\generic\oberdiek\hobsub-hyperref.sty"
Package: hobsub-hyperref 2016/05/16 v1.14 Bundle oberdiek, subset hyperref (HO)


("C:\Program Files (x86)\MiKTeX 2.9\tex\generic\oberdiek\hobsub-generic.sty"
Package: hobsub-generic 2016/05/16 v1.14 Bundle oberdiek, subset generic (HO)
Package: hobsub 2016/05/16 v1.14 Construct package bundles (HO)
Package hobsub Info: Skipping package `infwarerr' (already loaded).
Package hobsub Info: Skipping package `ltxcmds' (already loaded).
Package: ifluatex 2016/05/16 v1.4 Provides the ifluatex switch (HO)
Package ifluatex Info: LuaTeX not detected.
Package hobsub Info: Skipping package `ifvtex' (already loaded).
Package: intcalc 2016/05/16 v1.2 Expandable calculations with integers (HO)
Package hobsub Info: Skipping package `ifpdf' (already loaded).
Package: etexcmds 2016/05/16 v1.6 Avoid name clashes with e-TeX commands (HO)
Package etexcmds Info: Could not find \expanded.
(etexcmds)             That can mean that you are not using pdfTeX 1.50 or
(etexcmds)             that some package has redefined \expanded.
(etexcmds)             In the latter case, load this package earlier.
Package: kvsetkeys 2016/05/16 v1.17 Key value parser (HO)
Package: kvdefinekeys 2016/05/16 v1.4 Define keys (HO)
Package: pdftexcmds 2016/05/10 v0.21 Utility functions of pdfTeX for LuaTeX (HO
)
Package pdftexcmds Info: LuaTeX not detected.
Package pdftexcmds Info: \pdf@primitive is available.
Package pdftexcmds Info: \pdf@ifprimitive is available.
Package pdftexcmds Info: \pdfdraftmode found.
Package: pdfescape 2016/05/16 v1.14 Implements pdfTeX's escape features (HO)
Package: bigintcalc 2016/05/16 v1.4 Expandable calculations on big integers (HO
)
Package: bitset 2016/05/16 v1.2 Handle bit-vector datatype (HO)
Package: uniquecounter 2016/05/16 v1.3 Provide unlimited unique counter (HO)
)
Package hobsub Info: Skipping package `hobsub' (already loaded).
Package: letltxmacro 2016/05/16 v1.5 Let assignment for LaTeX macros (HO)
Package: hopatch 2016/05/16 v1.3 Wrapper for package hooks (HO)
Package: xcolor-patch 2016/05/16 xcolor patch
Package: atveryend 2016/05/16 v1.9 Hooks at the very end of document (HO)
Package hobsub Info: Skipping package `atbegshi' (already loaded).
Package: refcount 2016/05/16 v3.5 Data extraction from label references (HO)
Package: hycolor 2016/05/16 v1.8 Color options for hyperref/bookmark (HO)
)
("C:\Program Files (x86)\MiKTeX 2.9\tex\latex\oberdiek\auxhook.sty"
Package: auxhook 2016/05/16 v1.4 Hooks for auxiliary files (HO)
)
("C:\Program Files (x86)\MiKTeX 2.9\tex\latex\oberdiek\kvoptions.sty"
Package: kvoptions 2016/05/16 v3.12 Key value format for package options (HO)
)
\@linkdim=\dimen164
\Hy@linkcounter=\count119
\Hy@pagecounter=\count120

("C:\Program Files (x86)\MiKTeX 2.9\tex\latex\hyperref\pd1enc.def"
File: pd1enc.def 2016/05/05 v6.83n Hyperref: PDFDocEncoding definition (HO)
)
\Hy@SavedSpaceFactor=\count121

("C:\Program Files (x86)\MiKTeX 2.9\tex\latex\00miktex\hyperref.cfg"
File: hyperref.cfg 2002/06/06 v1.2 hyperref configuration of TeXLive
)
Package hyperref Info: Option `bookmarks' set `true' on input line 4322.
Package hyperref Info: Option `bookmarksopen' set `true' on input line 4322.
Package hyperref Info: Option `implicit' set `false' on input line 4322.
Package hyperref Info: Hyper figures OFF on input line 4446.
Package hyperref Info: Link nesting OFF on input line 4451.
Package hyperref Info: Hyper index ON on input line 4454.
Package hyperref Info: Plain pages OFF on input line 4461.
Package hyperref Info: Backreferencing OFF on input line 4466.
Package hyperref Info: Implicit mode OFF; no redefinition of LaTeX internals.
Package hyperref Info: Bookmarks ON on input line 4691.
\c@Hy@tempcnt=\count122

(C:\Users\bogda_000\AppData\Roaming\MiKTeX\2.9\tex\latex\url\url.sty
\Urlmuskip=\muskip10
Package: url 2013/09/16  ver 3.4  Verb mode for urls, etc.
)
LaTeX Info: Redefining \url on input line 5044.
\XeTeXLinkMargin=\dimen165
\Fld@menulength=\count123
\Field@Width=\dimen166
\Fld@charsize=\dimen167
Package hyperref Info: Hyper figures OFF on input line 6298.
Package hyperref Info: Link nesting OFF on input line 6303.
Package hyperref Info: Hyper index ON on input line 6306.
Package hyperref Info: backreferencing OFF on input line 6313.
Package hyperref Info: Link coloring OFF on input line 6318.
Package hyperref Info: Link coloring with OCG OFF on input line 6323.
Package hyperref Info: PDF/A mode OFF on input line 6328.
LaTeX Info: Redefining \ref on input line 6368.
LaTeX Info: Redefining \pageref on input line 6372.
\Hy@abspage=\count124


Package hyperref Message: Stopped early.

)

Package hyperref Message: Driver (autodetected): hpdftex.

("C:\Program Files (x86)\MiKTeX 2.9\tex\latex\hyperref\hpdftex.def"
File: hpdftex.def 2016/05/05 v6.83n Hyperref driver for pdfTeX
\Fld@listcount=\count125
\c@bookmark@seq@number=\count126

("C:\Program Files (x86)\MiKTeX 2.9\tex\latex\oberdiek\rerunfilecheck.sty"
Package: rerunfilecheck 2016/05/16 v1.8 Rerun checks for auxiliary files (HO)
Package uniquecounter Info: New unique counter `rerunfilecheck' on input line 2
82.
))
(C:\Users\bogda_000\AppData\Roaming\MiKTeX\2.9\tex\latex\beamer\beamerbaserequi
res.sty
(C:\Users\bogda_000\AppData\Roaming\MiKTeX\2.9\tex\latex\beamer\beamerbasecompa
tibility.sty)
(C:\Users\bogda_000\AppData\Roaming\MiKTeX\2.9\tex\latex\beamer\beamerbasefont.
sty ("C:\Program Files (x86)\MiKTeX 2.9\tex\latex\amsfonts\amssymb.sty"
Package: amssymb 2013/01/14 v3.01 AMS font symbols

("C:\Program Files (x86)\MiKTeX 2.9\tex\latex\amsfonts\amsfonts.sty"
Package: amsfonts 2013/01/14 v3.01 Basic AMSFonts support
\@emptytoks=\toks26
\symAMSa=\mathgroup4
\symAMSb=\mathgroup5
LaTeX Font Info:    Overwriting math alphabet `\mathfrak' in version `bold'
(Font)                  U/euf/m/n --> U/euf/b/n on input line 106.
))
(C:\Users\bogda_000\AppData\Roaming\MiKTeX\2.9\tex\latex\sansmathaccent\sansmat
haccent.sty
Package: sansmathaccent 2013/03/28

(C:\Users\bogda_000\AppData\Roaming\MiKTeX\2.9\tex\latex\filehook\filehook.sty
Package: filehook 2011/10/12 v0.5d Hooks for input files
)))
(C:\Users\bogda_000\AppData\Roaming\MiKTeX\2.9\tex\latex\beamer\beamerbasetrans
lator.sty
(C:\Users\bogda_000\AppData\Roaming\MiKTeX\2.9\tex\latex\beamer\translator\tran
slator.sty
Package: translator 2010/06/12 ver 1.10

(C:\Users\bogda_000\AppData\Roaming\MiKTeX\2.9\tex\latex\beamer\translator\tran
slator-language-mappings.tex)))
(C:\Users\bogda_000\AppData\Roaming\MiKTeX\2.9\tex\latex\beamer\beamerbasemisc.
sty)
(C:\Users\bogda_000\AppData\Roaming\MiKTeX\2.9\tex\latex\beamer\beamerbasetwosc
reens.sty)
(C:\Users\bogda_000\AppData\Roaming\MiKTeX\2.9\tex\latex\beamer\beamerbaseoverl
ay.sty
\beamer@argscount=\count127
\beamer@lastskipcover=\skip44
\beamer@trivlistdepth=\count128
)
(C:\Users\bogda_000\AppData\Roaming\MiKTeX\2.9\tex\latex\beamer\beamerbasetitle
.sty)
(C:\Users\bogda_000\AppData\Roaming\MiKTeX\2.9\tex\latex\beamer\beamerbasesecti
on.sty
\c@lecture=\count129
\c@part=\count130
\c@section=\count131
\c@subsection=\count132
\c@subsubsection=\count133
)
(C:\Users\bogda_000\AppData\Roaming\MiKTeX\2.9\tex\latex\beamer\beamerbaseframe
.sty
\beamer@framebox=\box40
\beamer@frametitlebox=\box41
\beamer@zoombox=\box42
\beamer@zoomcount=\count134
\beamer@zoomframecount=\count135
\beamer@frametextheight=\dimen168
\c@subsectionslide=\count136
\beamer@frametopskip=\skip45
\beamer@framebottomskip=\skip46
\beamer@frametopskipautobreak=\skip47
\beamer@framebottomskipautobreak=\skip48
\beamer@envbody=\toks27
\framewidth=\dimen169
\c@framenumber=\count137
)
(C:\Users\bogda_000\AppData\Roaming\MiKTeX\2.9\tex\latex\beamer\beamerbaseverba
tim.sty
\beamer@verbatimfileout=\write4
)
(C:\Users\bogda_000\AppData\Roaming\MiKTeX\2.9\tex\latex\beamer\beamerbaseframe
size.sty
\beamer@splitbox=\box43
\beamer@autobreakcount=\count138
\beamer@autobreaklastheight=\dimen170
\beamer@frametitletoks=\toks28
\beamer@framesubtitletoks=\toks29
)
(C:\Users\bogda_000\AppData\Roaming\MiKTeX\2.9\tex\latex\beamer\beamerbaseframe
components.sty
\beamer@footins=\box44
)
(C:\Users\bogda_000\AppData\Roaming\MiKTeX\2.9\tex\latex\beamer\beamerbasecolor
.sty)
(C:\Users\bogda_000\AppData\Roaming\MiKTeX\2.9\tex\latex\beamer\beamerbasenotes
.sty
\beamer@frameboxcopy=\box45
)
(C:\Users\bogda_000\AppData\Roaming\MiKTeX\2.9\tex\latex\beamer\beamerbasetoc.s
ty)
(C:\Users\bogda_000\AppData\Roaming\MiKTeX\2.9\tex\latex\beamer\beamerbasetempl
ates.sty
\beamer@sbttoks=\toks30

(C:\Users\bogda_000\AppData\Roaming\MiKTeX\2.9\tex\latex\beamer\beamerbaseauxte
mplates.sty
(C:\Users\bogda_000\AppData\Roaming\MiKTeX\2.9\tex\latex\beamer\beamerbaseboxes
.sty
\bmb@box=\box46
\bmb@colorbox=\box47
\bmb@boxshadow=\box48
\bmb@boxshadowball=\box49
\bmb@boxshadowballlarge=\box50
\bmb@temp=\dimen171
\bmb@dima=\dimen172
\bmb@dimb=\dimen173
\bmb@prevheight=\dimen174
)
\beamer@blockheadheight=\dimen175
))
(C:\Users\bogda_000\AppData\Roaming\MiKTeX\2.9\tex\latex\beamer\beamerbaselocal
structure.sty ("C:\Program Files (x86)\MiKTeX 2.9\tex\latex\tools\enumerate.sty
"
Package: enumerate 2015/07/23 v3.00 enumerate extensions (DPC)
\@enLab=\toks31
)
\c@figure=\count139
\c@table=\count140
\abovecaptionskip=\skip49
\belowcaptionskip=\skip50
)
(C:\Users\bogda_000\AppData\Roaming\MiKTeX\2.9\tex\latex\beamer\beamerbasenavig
ation.sty
\beamer@section@min@dim=\dimen176
)
(C:\Users\bogda_000\AppData\Roaming\MiKTeX\2.9\tex\latex\beamer\beamerbasetheor
ems.sty ("C:\Program Files (x86)\MiKTeX 2.9\tex\latex\amsmath\amsmath.sty"
Package: amsmath 2016/03/10 v2.15b AMS math features
\@mathmargin=\skip51

For additional information on amsmath, use the `?' option.
("C:\Program Files (x86)\MiKTeX 2.9\tex\latex\amsmath\amstext.sty"
Package: amstext 2000/06/29 v2.01 AMS text

("C:\Program Files (x86)\MiKTeX 2.9\tex\latex\amsmath\amsgen.sty"
File: amsgen.sty 1999/11/30 v2.0 generic functions
\@emptytoks=\toks32
\ex@=\dimen177
))
("C:\Program Files (x86)\MiKTeX 2.9\tex\latex\amsmath\amsbsy.sty"
Package: amsbsy 1999/11/29 v1.2d Bold Symbols
\pmbraise@=\dimen178
)
("C:\Program Files (x86)\MiKTeX 2.9\tex\latex\amsmath\amsopn.sty"
Package: amsopn 2016/03/08 v2.02 operator names
)
\inf@bad=\count141
LaTeX Info: Redefining \frac on input line 199.
\uproot@=\count142
\leftroot@=\count143
LaTeX Info: Redefining \overline on input line 297.
\classnum@=\count144
\DOTSCASE@=\count145
LaTeX Info: Redefining \ldots on input line 394.
LaTeX Info: Redefining \dots on input line 397.
LaTeX Info: Redefining \cdots on input line 518.
\Mathstrutbox@=\box51
\strutbox@=\box52
\big@size=\dimen179
LaTeX Font Info:    Redeclaring font encoding OML on input line 634.
LaTeX Font Info:    Redeclaring font encoding OMS on input line 635.
\macc@depth=\count146
\c@MaxMatrixCols=\count147
\dotsspace@=\muskip11
\c@parentequation=\count148
\dspbrk@lvl=\count149
\tag@help=\toks33
\row@=\count150
\column@=\count151
\maxfields@=\count152
\andhelp@=\toks34
\eqnshift@=\dimen180
\alignsep@=\dimen181
\tagshift@=\dimen182
\tagwidth@=\dimen183
\totwidth@=\dimen184
\lineht@=\dimen185
\@envbody=\toks35
\multlinegap=\skip52
\multlinetaggap=\skip53
\mathdisplay@stack=\toks36
LaTeX Info: Redefining \[ on input line 2739.
LaTeX Info: Redefining \] on input line 2740.
)
("C:\Program Files (x86)\MiKTeX 2.9\tex\latex\amscls\amsthm.sty"
Package: amsthm 2015/03/04 v2.20.2
\thm@style=\toks37
\thm@bodyfont=\toks38
\thm@headfont=\toks39
\thm@notefont=\toks40
\thm@headpunct=\toks41
\thm@preskip=\skip54
\thm@postskip=\skip55
\thm@headsep=\skip56
\dth@everypar=\toks42
)
\c@theorem=\count153
)
(C:\Users\bogda_000\AppData\Roaming\MiKTeX\2.9\tex\latex\beamer\beamerbasetheme
s.sty))
(C:\Users\bogda_000\AppData\Roaming\MiKTeX\2.9\tex\latex\beamer\themes\theme\be
amerthemedefault.sty
(C:\Users\bogda_000\AppData\Roaming\MiKTeX\2.9\tex\latex\beamer\themes\font\bea
merfontthemedefault.sty)
(C:\Users\bogda_000\AppData\Roaming\MiKTeX\2.9\tex\latex\beamer\themes\color\be
amercolorthemedefault.sty)
(C:\Users\bogda_000\AppData\Roaming\MiKTeX\2.9\tex\latex\beamer\themes\inner\be
amerinnerthemedefault.sty
\beamer@dima=\dimen186
\beamer@dimb=\dimen187
)
(C:\Users\bogda_000\AppData\Roaming\MiKTeX\2.9\tex\latex\beamer\themes\outer\be
amerouterthemedefault.sty)))
(C:\Users\bogda_000\AppData\Roaming\MiKTeX\2.9\tex\latex\beamer\themes\theme\be
amerthemeCambridgeUS.sty
(C:\Users\bogda_000\AppData\Roaming\MiKTeX\2.9\tex\latex\beamer\themes\inner\be
amerinnerthemerounded.sty)
(C:\Users\bogda_000\AppData\Roaming\MiKTeX\2.9\tex\latex\beamer\themes\outer\be
amerouterthemeinfolines.sty)
(C:\Users\bogda_000\AppData\Roaming\MiKTeX\2.9\tex\latex\beamer\themes\color\be
amercolorthemebeaver.sty))
("C:\Program Files (x86)\MiKTeX 2.9\tex\generic\babel\babel.sty"
Package: babel 2016/04/23 3.9r The Babel package

*************************************
* Local config file bblopts.cfg used
*
(C:\Users\bogda_000\AppData\Roaming\MiKTeX\2.9\tex\latex\arabi\bblopts.cfg
File: bblopts.cfg 2005/09/08 v0.1 add Arabic and Farsi to "declared" options of
 babel
)
("C:\Program Files (x86)\MiKTeX 2.9\tex\latex\babel-english\english.ldf"
Language: english 2012/08/20 v3.3p English support from the babel system

("C:\Program Files (x86)\MiKTeX 2.9\tex\generic\babel\babel.def"
File: babel.def 2016/04/23 3.9r Babel common definitions
\babel@savecnt=\count154
\U@D=\dimen188
LaTeX Info: Redefining \textlatin on input line 1448.
)
\l@canadian = a dialect from \language\l@american 
\l@australian = a dialect from \language\l@british 
\l@newzealand = a dialect from \language\l@british 
))
(C:\Users\bogda_000\AppData\Roaming\MiKTeX\2.9\tex\latex\subfigure\subfigure.st
y
Package: subfigure 2002/07/30 v2.1.4 subfigure package
\subfigtopskip=\skip57
\subfigcapskip=\skip58
\subfigcaptopadj=\dimen189
\subfigbottomskip=\skip59
\subfigcapmargin=\dimen190
\subfiglabelskip=\skip60
\c@subfigure=\count155
\c@lofdepth=\count156
\c@subtable=\count157
\c@lotdepth=\count158

****************************************
* Local config file subfigure.cfg used *
****************************************

(C:\Users\bogda_000\AppData\Roaming\MiKTeX\2.9\tex\latex\subfigure\subfigure.cf
g)
\subfig@top=\skip61
\subfig@bottom=\skip62
)
(C:\Users\bogda_000\AppData\Roaming\MiKTeX\2.9\tex\latex\biblatex\biblatex.sty
Package: biblatex 2016/12/05 v3.7 programmable bibliographies (PK/JW/AB)

(C:\Users\bogda_000\AppData\Roaming\MiKTeX\2.9\tex\latex\logreq\logreq.sty
Package: logreq 2010/08/04 v1.0 xml request logger
\lrq@indent=\count159

(C:\Users\bogda_000\AppData\Roaming\MiKTeX\2.9\tex\latex\logreq\logreq.def
File: logreq.def 2010/08/04 v1.0 logreq spec v1.0
))
("C:\Program Files (x86)\MiKTeX 2.9\tex\latex\base\ifthen.sty"
Package: ifthen 2014/09/29 v1.1c Standard LaTeX ifthen package (DPC)
)
(C:\Users\bogda_000\AppData\Roaming\MiKTeX\2.9\tex\latex\xstring\xstring.sty
(C:\Users\bogda_000\AppData\Roaming\MiKTeX\2.9\tex\generic\xstring\xstring.tex
\@xs@message=\write5
\integerpart=\count160
\decimalpart=\count161
)
Package: xstring 2013/10/13  v1.7c  String manipulations (C Tellechea)
)
\c@tabx@nest=\count162
\c@listtotal=\count163
\c@listcount=\count164
\c@liststart=\count165
\c@liststop=\count166
\c@citecount=\count167
\c@citetotal=\count168
\c@multicitecount=\count169
\c@multicitetotal=\count170
\c@instcount=\count171
\c@maxnames=\count172
\c@minnames=\count173
\c@maxitems=\count174
\c@minitems=\count175
\c@citecounter=\count176
\c@savedcitecounter=\count177
\c@uniquelist=\count178
\c@uniquename=\count179
\c@refsection=\count180
\c@refsegment=\count181
\c@maxextratitle=\count182
\c@maxextratitleyear=\count183
\c@maxextrayear=\count184
\c@maxextraalpha=\count185
\c@abbrvpenalty=\count186
\c@highnamepenalty=\count187
\c@lownamepenalty=\count188
\c@maxparens=\count189
\c@parenlevel=\count190
\blx@tempcnta=\count191
\blx@tempcntb=\count192
\blx@tempcntc=\count193
\blx@maxsection=\count194
\blx@maxsegment@0=\count195
\blx@notetype=\count196
\blx@parenlevel@text=\count197
\blx@parenlevel@foot=\count198
\blx@sectionciteorder@0=\count199
\labelnumberwidth=\skip63
\labelalphawidth=\skip64
\biblabelsep=\skip65
\bibitemsep=\skip66
\bibnamesep=\skip67
\bibinitsep=\skip68
\bibparsep=\skip69
\bibhang=\skip70
\blx@bcfin=\read2
\blx@bcfout=\write6
\c@mincomprange=\count266
\c@maxcomprange=\count267
\c@mincompwidth=\count268
Package biblatex Info: Trying to load biblatex default data model...
Package biblatex Info: ... file 'blx-dm.def' found.
 (C:\Users\bogda_000\AppData\Roaming\MiKTeX\2.9\tex\latex\biblatex\blx-dm.def)
Package biblatex Info: Trying to load biblatex style data model...
Package biblatex Info: ... file 'verbose.dbx' not found.
Package biblatex Info: Trying to load biblatex custom data model...
Package biblatex Info: ... file 'biblatex-dm.cfg' not found.
\c@afterword=\count269
\c@savedafterword=\count270
\c@annotator=\count271
\c@savedannotator=\count272
\c@author=\count273
\c@savedauthor=\count274
\c@bookauthor=\count275
\c@savedbookauthor=\count276
\c@commentator=\count277
\c@savedcommentator=\count278
\c@editor=\count279
\c@savededitor=\count280
\c@editora=\count281
\c@savededitora=\count282
\c@editorb=\count283
\c@savededitorb=\count284
\c@editorc=\count285
\c@savededitorc=\count286
\c@foreword=\count287
\c@savedforeword=\count288
\c@holder=\count289
\c@savedholder=\count290
\c@introduction=\count291
\c@savedintroduction=\count292
\c@namea=\count293
\c@savednamea=\count294
\c@nameb=\count295
\c@savednameb=\count296
\c@namec=\count297
\c@savednamec=\count298
\c@translator=\count299
\c@savedtranslator=\count300
\c@shortauthor=\count301
\c@savedshortauthor=\count302
\c@shorteditor=\count303
\c@savedshorteditor=\count304
\c@labelname=\count305
\c@savedlabelname=\count306
\c@institution=\count307
\c@savedinstitution=\count308
\c@lista=\count309
\c@savedlista=\count310
\c@listb=\count311
\c@savedlistb=\count312
\c@listc=\count313
\c@savedlistc=\count314
\c@listd=\count315
\c@savedlistd=\count316
\c@liste=\count317
\c@savedliste=\count318
\c@listf=\count319
\c@savedlistf=\count320
\c@location=\count321
\c@savedlocation=\count322
\c@organization=\count323
\c@savedorganization=\count324
\c@origlocation=\count325
\c@savedoriglocation=\count326
\c@origpublisher=\count327
\c@savedorigpublisher=\count328
\c@publisher=\count329
\c@savedpublisher=\count330
\c@language=\count331
\c@savedlanguage=\count332
\c@pageref=\count333
\c@savedpageref=\count334
\shorthandwidth=\skip71
\shortjournalwidth=\skip72
\shortserieswidth=\skip73
\shorttitlewidth=\skip74
\shortauthorwidth=\skip75
\shorteditorwidth=\skip76
Package biblatex Info: Trying to load compatibility code...
Package biblatex Info: ... file 'blx-compat.def' found.

(C:\Users\bogda_000\AppData\Roaming\MiKTeX\2.9\tex\latex\biblatex\blx-compat.de
f
File: blx-compat.def 2016/12/05 v3.7 biblatex compatibility (PK/JW/AB)
)
Package biblatex Info: Trying to load BibTeX backend compatibility...
Package biblatex Info: ... file 'blx-bibtex.def' found.

(C:\Users\bogda_000\AppData\Roaming\MiKTeX\2.9\tex\latex\biblatex\blx-bibtex.de
f
File: blx-bibtex.def 2016/12/05 v3.7 biblatex compatibility (PK/JW/AB)


Package biblatex Warning: Using fall-back BibTeX(8) backend:
(biblatex)                functionality may be reduced/unavailable.

)
Package biblatex Info: Trying to load generic definitions...
Package biblatex Info: ... file 'biblatex.def' found.

(C:\Users\bogda_000\AppData\Roaming\MiKTeX\2.9\tex\latex\biblatex\biblatex.def
File: biblatex.def 2016/12/05 v3.7 biblatex compatibility (PK/JW/AB)
\c@textcitecount=\count335
\c@textcitetotal=\count336
\c@textcitemaxnames=\count337
\c@biburlnumpenalty=\count338
\c@biburlucpenalty=\count339
\c@biburllcpenalty=\count340
\c@smartand=\count341
)
Package biblatex Info: Trying to load bibliography style 'verbose'...
Package biblatex Info: ... file 'verbose.bbx' found.

(C:\Users\bogda_000\AppData\Roaming\MiKTeX\2.9\tex\latex\biblatex\bbx\verbose.b
bx
File: verbose.bbx 2016/12/05 v3.7 biblatex bibliography style (PK/JW/AB)
Package biblatex Info: Trying to load bibliography style 'authortitle'...
Package biblatex Info: ... file 'authortitle.bbx' found.

(C:\Users\bogda_000\AppData\Roaming\MiKTeX\2.9\tex\latex\biblatex\bbx\authortit
le.bbx
File: authortitle.bbx 2016/12/05 v3.7 biblatex bibliography style (PK/JW/AB)
Package biblatex Info: Trying to load bibliography style 'standard'...
Package biblatex Info: ... file 'standard.bbx' found.

(C:\Users\bogda_000\AppData\Roaming\MiKTeX\2.9\tex\latex\biblatex\bbx\standard.
bbx
File: standard.bbx 2016/12/05 v3.7 biblatex bibliography style (PK/JW/AB)
\c@bbx:relatedcount=\count342
\c@bbx:relatedtotal=\count343
)))
Package biblatex Info: Trying to load citation style 'verbose'...
Package biblatex Info: ... file 'verbose.cbx' found.

(C:\Users\bogda_000\AppData\Roaming\MiKTeX\2.9\tex\latex\biblatex\cbx\verbose.c
bx
File: verbose.cbx 2016/12/05 v3.7 biblatex citation style (PK/JW/AB)
Package biblatex Info: Redefining '\cite'.
Package biblatex Info: Redefining '\parencite'.
Package biblatex Info: Redefining '\footcite'.
Package biblatex Info: Redefining '\footcitetext'.
Package biblatex Info: Redefining '\smartcite'.
Package biblatex Info: Redefining '\textcite'.
Package biblatex Info: Redefining '\textcites'.
)
Package biblatex Info: Trying to load configuration file...
Package biblatex Info: ... file 'biblatex.cfg' found.

(C:\Users\bogda_000\AppData\Roaming\MiKTeX\2.9\tex\latex\biblatex\biblatex.cfg
File: biblatex.cfg 
))
(C:\Users\bogda_000\AppData\Roaming\MiKTeX\2.9\tex\latex\algorithms\algorithm.s
ty
Package: algorithm 2009/08/24 v0.1 Document Style `algorithm' - floating enviro
nment
 ("C:\Program Files (x86)\MiKTeX 2.9\tex\latex\float\float.sty"
Package: float 2001/11/08 v1.3d Float enhancements (AL)
\c@float@type=\count344
\float@exts=\toks43
\float@box=\box53
\@float@everytoks=\toks44
\@floatcapt=\box54
)
\@float@every@algorithm=\toks45
\c@algorithm=\count345
)
(C:\Users\bogda_000\AppData\Roaming\MiKTeX\2.9\tex\latex\algorithmicx\algpseudo
code.sty
Package: algpseudocode 

(C:\Users\bogda_000\AppData\Roaming\MiKTeX\2.9\tex\latex\algorithmicx\algorithm
icx.sty
Package: algorithmicx 2005/04/27 v1.2 Algorithmicx

Document Style algorithmicx 1.2 - a greatly improved `algorithmic' style
\c@ALG@line=\count346
\c@ALG@rem=\count347
\c@ALG@nested=\count348
\ALG@tlm=\skip77
\ALG@thistlm=\skip78
\c@ALG@Lnr=\count349
\c@ALG@blocknr=\count350
\c@ALG@storecount=\count351
\c@ALG@tmpcounter=\count352
\ALG@tmplength=\skip79
)
Document Style - pseudocode environments for use with the `algorithmicx' style
)
Package biblatex Info: Trying to load language 'english'...
Package biblatex Info: ... file 'english.lbx' found.

(C:\Users\bogda_000\AppData\Roaming\MiKTeX\2.9\tex\latex\biblatex\lbx\english.l
bx
File: english.lbx 2016/12/05 v3.7 biblatex localization (PK/JW/AB)
)

Package biblatex Warning: Patching footnotes failed.
(biblatex)                Footnote detection will not work.


Package biblatex Warning: 'babel/polyglossia' detected but 'csquotes' missing.
(biblatex)                Loading 'csquotes' recommended.

\@quotelevel=\count353
\@quotereset=\count354
(Capsules.aux)
\openout1 = `Capsules.aux'.

LaTeX Font Info:    Checking defaults for OML/cmm/m/it on input line 22.
LaTeX Font Info:    ... okay on input line 22.
LaTeX Font Info:    Checking defaults for T1/cmr/m/n on input line 22.
LaTeX Font Info:    ... okay on input line 22.
LaTeX Font Info:    Checking defaults for OT1/cmr/m/n on input line 22.
LaTeX Font Info:    ... okay on input line 22.
LaTeX Font Info:    Checking defaults for OMS/cmsy/m/n on input line 22.
LaTeX Font Info:    ... okay on input line 22.
LaTeX Font Info:    Checking defaults for OMX/cmex/m/n on input line 22.
LaTeX Font Info:    ... okay on input line 22.
LaTeX Font Info:    Checking defaults for U/cmr/m/n on input line 22.
LaTeX Font Info:    ... okay on input line 22.
LaTeX Font Info:    Checking defaults for PD1/pdf/m/n on input line 22.
LaTeX Font Info:    ... okay on input line 22.

*geometry* driver: auto-detecting
*geometry* detected driver: pdftex
*geometry* verbose mode - [ preamble ] result:
* driver: pdftex
* paper: custom
* layout: <same size as paper>
* layoutoffset:(h,v)=(0.0pt,0.0pt)
* modes: includehead includefoot 
* h-part:(L,W,R)=(10.95003pt, 342.2953pt, 10.95003pt)
* v-part:(T,H,B)=(0.0pt, 273.14662pt, 0.0pt)
* \paperwidth=364.19536pt
* \paperheight=273.14662pt
* \textwidth=342.2953pt
* \textheight=244.6939pt
* \oddsidemargin=-61.31996pt
* \evensidemargin=-61.31996pt
* \topmargin=-72.26999pt
* \headheight=14.22636pt
* \headsep=0.0pt
* \topskip=11.0pt
* \footskip=14.22636pt
* \marginparwidth=4.0pt
* \marginparsep=10.0pt
* \columnsep=10.0pt
* \skip\footins=10.0pt plus 4.0pt minus 2.0pt
* \hoffset=0.0pt
* \voffset=0.0pt
* \mag=1000
* \@twocolumnfalse
* \@twosidefalse
* \@mparswitchfalse
* \@reversemarginfalse
* (1in=72.27pt=25.4mm, 1cm=28.453pt)

(C:\Users\bogda_000\AppData\Roaming\MiKTeX\2.9\tex\context\base\supp-pdf.mkii
[Loading MPS to PDF converter (version 2006.09.02).]
\scratchcounter=\count355
\scratchdimen=\dimen191
\scratchbox=\box55
\nofMPsegments=\count356
\nofMParguments=\count357
\everyMPshowfont=\toks46
\MPscratchCnt=\count358
\MPscratchDim=\dimen192
\MPnumerator=\count359
\makeMPintoPDFobject=\count360
\everyMPtoPDFconversion=\toks47
) ("C:\Program Files (x86)\MiKTeX 2.9\tex\latex\oberdiek\epstopdf-base.sty"
Package: epstopdf-base 2016/05/15 v2.6 Base part for package epstopdf

("C:\Program Files (x86)\MiKTeX 2.9\tex\latex\oberdiek\grfext.sty"
Package: grfext 2016/05/16 v1.2 Manage graphics extensions (HO)
)
Package grfext Info: Graphics extension search list:
(grfext)             [.png,.pdf,.jpg,.mps,.jpeg,.jbig2,.jb2,.PNG,.PDF,.JPG,.JPE
G,.JBIG2,.JB2,.eps]
(grfext)             \AppendGraphicsExtensions on input line 456.
)
ABD: EveryShipout initializing macros
\AtBeginShipoutBox=\box56
Package hyperref Info: Link coloring OFF on input line 22.

("C:\Program Files (x86)\MiKTeX 2.9\tex\latex\hyperref\nameref.sty"
Package: nameref 2012/10/27 v2.43 Cross-referencing by name of section

("C:\Program Files (x86)\MiKTeX 2.9\tex\generic\oberdiek\gettitlestring.sty"
Package: gettitlestring 2016/05/16 v1.5 Cleanup title references (HO)
)
\c@section@level=\count361
)
LaTeX Info: Redefining \ref on input line 22.
LaTeX Info: Redefining \pageref on input line 22.
LaTeX Info: Redefining \nameref on input line 22.

(Capsules.out) (Capsules.out)
\@outlinefile=\write7
\openout7 = `Capsules.out'.

LaTeX Font Info:    Overwriting symbol font `operators' in version `normal'
(Font)                  OT1/cmr/m/n --> OT1/cmss/m/n on input line 22.
LaTeX Font Info:    Overwriting symbol font `operators' in version `bold'
(Font)                  OT1/cmr/bx/n --> OT1/cmss/bx/n on input line 22.
\symnumbers=\mathgroup6
\sympureletters=\mathgroup7
LaTeX Font Info:    Overwriting math alphabet `\mathrm' in version `normal'
(Font)                  OT1/cmss/m/n --> OT1/cmr/m/n on input line 22.
LaTeX Font Info:    Redeclaring math alphabet \mathbf on input line 22.
LaTeX Font Info:    Overwriting math alphabet `\mathbf' in version `normal'
(Font)                  OT1/cmr/bx/n --> OT1/cmss/bx/n on input line 22.
LaTeX Font Info:    Overwriting math alphabet `\mathbf' in version `bold'
(Font)                  OT1/cmr/bx/n --> OT1/cmss/bx/n on input line 22.
LaTeX Font Info:    Redeclaring math alphabet \mathsf on input line 22.
LaTeX Font Info:    Overwriting math alphabet `\mathsf' in version `normal'
(Font)                  OT1/cmss/m/n --> OT1/cmss/m/n on input line 22.
LaTeX Font Info:    Overwriting math alphabet `\mathsf' in version `bold'
(Font)                  OT1/cmss/bx/n --> OT1/cmss/m/n on input line 22.
LaTeX Font Info:    Redeclaring math alphabet \mathit on input line 22.
LaTeX Font Info:    Overwriting math alphabet `\mathit' in version `normal'
(Font)                  OT1/cmr/m/it --> OT1/cmss/m/it on input line 22.
LaTeX Font Info:    Overwriting math alphabet `\mathit' in version `bold'
(Font)                  OT1/cmr/bx/it --> OT1/cmss/m/it on input line 22.
LaTeX Font Info:    Redeclaring math alphabet \mathtt on input line 22.
LaTeX Font Info:    Overwriting math alphabet `\mathtt' in version `normal'
(Font)                  OT1/cmtt/m/n --> OT1/cmtt/m/n on input line 22.
LaTeX Font Info:    Overwriting math alphabet `\mathtt' in version `bold'
(Font)                  OT1/cmtt/m/n --> OT1/cmtt/m/n on input line 22.
LaTeX Font Info:    Overwriting symbol font `numbers' in version `bold'
(Font)                  OT1/cmss/m/n --> OT1/cmss/bx/n on input line 22.
LaTeX Font Info:    Overwriting symbol font `pureletters' in version `bold'
(Font)                  OT1/cmss/m/it --> OT1/cmss/bx/it on input line 22.
LaTeX Font Info:    Overwriting math alphabet `\mathrm' in version `bold'
(Font)                  OT1/cmss/bx/n --> OT1/cmr/bx/n on input line 22.
LaTeX Font Info:    Overwriting math alphabet `\mathbf' in version `bold'
(Font)                  OT1/cmss/bx/n --> OT1/cmss/bx/n on input line 22.
LaTeX Font Info:    Overwriting math alphabet `\mathsf' in version `bold'
(Font)                  OT1/cmss/m/n --> OT1/cmss/bx/n on input line 22.
LaTeX Font Info:    Overwriting math alphabet `\mathit' in version `bold'
(Font)                  OT1/cmss/m/it --> OT1/cmss/bx/it on input line 22.
LaTeX Font Info:    Overwriting math alphabet `\mathtt' in version `bold'
(Font)                  OT1/cmtt/m/n --> OT1/cmtt/bx/n on input line 22.
LaTeX Font Info:    Redeclaring symbol font `pureletters' on input line 22.
LaTeX Font Info:    Overwriting symbol font `pureletters' in version `normal'
(Font)                  OT1/cmss/m/it --> OT1/mathkerncmss/m/sl on input line 2
2.
LaTeX Font Info:    Overwriting symbol font `pureletters' in version `bold'
(Font)                  OT1/cmss/bx/it --> OT1/mathkerncmss/m/sl on input line 
22.
LaTeX Font Info:    Overwriting symbol font `pureletters' in version `bold'
(Font)                  OT1/mathkerncmss/m/sl --> OT1/mathkerncmss/bx/sl on inp
ut line 22.

(C:\Users\bogda_000\AppData\Roaming\MiKTeX\2.9\tex\latex\beamer\translator\dict
s\translator-basic-dictionary\translator-basic-dictionary-English.dict
Dictionary: translator-basic-dictionary, Language: English 
)
(C:\Users\bogda_000\AppData\Roaming\MiKTeX\2.9\tex\latex\beamer\translator\dict
s\translator-bibliography-dictionary\translator-bibliography-dictionary-English
.dict
Dictionary: translator-bibliography-dictionary, Language: English 
)
(C:\Users\bogda_000\AppData\Roaming\MiKTeX\2.9\tex\latex\beamer\translator\dict
s\translator-environment-dictionary\translator-environment-dictionary-English.d
ict
Dictionary: translator-environment-dictionary, Language: English 
)
(C:\Users\bogda_000\AppData\Roaming\MiKTeX\2.9\tex\latex\beamer\translator\dict
s\translator-months-dictionary\translator-months-dictionary-English.dict
Dictionary: translator-months-dictionary, Language: English 
)
(C:\Users\bogda_000\AppData\Roaming\MiKTeX\2.9\tex\latex\beamer\translator\dict
s\translator-numbers-dictionary\translator-numbers-dictionary-English.dict
Dictionary: translator-numbers-dictionary, Language: English 
)
(C:\Users\bogda_000\AppData\Roaming\MiKTeX\2.9\tex\latex\beamer\translator\dict
s\translator-theorem-dictionary\translator-theorem-dictionary-English.dict
Dictionary: translator-theorem-dictionary, Language: English 
)
LaTeX Info: Redefining \includegraphics on input line 22.
Package biblatex Info: No input encoding detected.
(biblatex)             Assuming 'ascii'.
Package biblatex Info: Automatic encoding selection.
(biblatex)             Assuming data encoding 'ascii'.
Package biblatex Info: Input encoding 'ascii' specified.
Package biblatex Info: Data encoding 'ascii' specified.
(biblatex)             No need to reencode data.
\openout6 = `Capsules-blx.bib'.

Package biblatex Info: Trying to load bibliographic data...
Package biblatex Info: ... file 'Capsules.bbl' found.

(Capsules.bbl

Package biblatex Warning: Biber reported the following issues
(biblatex)                with 'LeCun:2004:LMG:1896300.1896315':
(biblatex)                - Can't use 'location' + 'address'.

)
Package biblatex Info: Reference section=0 on input line 22.
Package biblatex Info: Reference segment=0 on input line 22.
 (Capsules.nav)

LaTeX Font Warning: Font shape `OT1/cmss/m/n' in size <4> not available
(Font)              size <5> substituted on input line 24.

[1

{C:/Users/bogda_000/AppData/Local/MiKTeX/2.9/pdftex/config/pdftex.map}]
[2

] <./images/parse_tree.png, id=38, 181.6386pt x 121.4136pt>
File: ./images/parse_tree.png Graphic file (type png)

<use ./images/parse_tree.png>
Package pdftex.def Info: ./images/parse_tree.png used on input line 49.
(pdftex.def)             Requested size: 136.91603pt x 91.52498pt.
 [3

 <./images/parse_tree.png>] [4

] [5

]
LaTeX Font Info:    Try loading font information for U+msa on input line 80.

("C:\Program Files (x86)\MiKTeX 2.9\tex\latex\amsfonts\umsa.fd"
File: umsa.fd 2013/01/14 v3.01 AMS symbols A
)
LaTeX Font Info:    Try loading font information for U+msb on input line 80.

("C:\Program Files (x86)\MiKTeX 2.9\tex\latex\amsfonts\umsb.fd"
File: umsb.fd 2013/01/14 v3.01 AMS symbols B
)
LaTeX Font Info:    Try loading font information for OT1+mathkerncmss on input 
line 80.

(C:\Users\bogda_000\AppData\Roaming\MiKTeX\2.9\tex\latex\sansmathaccent\ot1math
kerncmss.fd
File: ot1mathkerncmss.fd 2013/03/27 Fontinst v1.933 font definitions for OT1/ma
thkerncmss.
) [6

] [7

] [8

] [9

]

LaTeX Font Warning: Font shape `OT1/cmss/m/sc' in size <10.95> not available
(Font)              Font shape `OT1/cmr/m/sc' tried instead on input line 124.

[10

] [11

] <./images/capsnet.png, id=105, 743.1765pt x 209.583pt>
File: ./images/capsnet.png Graphic file (type png)

<use ./images/capsnet.png>
Package pdftex.def Info: ./images/capsnet.png used on input line 150.
(pdftex.def)             Requested size: 342.2953pt x 96.53085pt.
 [12

 <./images/capsnet.png>]
<./images/reconstruction.png, id=112, 400.49625pt x 166.82326pt>
File: ./images/reconstruction.png Graphic file (type png)

<use ./images/reconstruction.png>
Package pdftex.def Info: ./images/reconstruction.png used on input line 162.
(pdftex.def)             Requested size: 205.37926pt x 85.54965pt.
 [13

 <./images/reconstruction.png>]
<./images/reconstruction_results.png, id=120, 676.32675pt x 185.493pt>
File: ./images/reconstruction_results.png Graphic file (type png)

<use ./images/reconstruction_results.png>
Package pdftex.def Info: ./images/reconstruction_results.png used on input line
 172.
(pdftex.def)             Requested size: 342.2953pt x 93.88126pt.
 [14

 <./images/reconstruction_results.png>] <./images/comparation.png, id=127, 681.
747pt x 184.2885pt>
File: ./images/comparation.png Graphic file (type png)

<use ./images/comparation.png>
Package pdftex.def Info: ./images/comparation.png used on input line 183.
(pdftex.def)             Requested size: 308.06367pt x 83.27774pt.
 [15

 <./images/comparation.png>]
<./images/perturbed.png, id=134, 605.26125pt x 244.5135pt>
File: ./images/perturbed.png Graphic file (type png)

<use ./images/perturbed.png>
Package pdftex.def Info: ./images/perturbed.png used on input line 196.
(pdftex.def)             Requested size: 256.72147pt x 103.70978pt.

Overfull \vbox (12.89333pt too high) detected at line 196
 []

[16

 <./images/perturbed.png>] [17

] [18

]
<./images/segmenting.png, id=156, 728.7225pt x 441.14813pt>
File: ./images/segmenting.png Graphic file (type png)

<use ./images/segmenting.png>
Package pdftex.def Info: ./images/segmenting.png used on input line 225.
(pdftex.def)             Requested size: 256.72147pt x 155.40712pt.
 [19

 <./images/segmenting.png>]

LaTeX Font Warning: Font shape `OT1/cmss/m/sc' in size <9> not available
(Font)              Font shape `OT1/cmr/m/sc' tried instead on input line 233.

[20

] [21

] [22

] [23

] [24

] [25

]
\tf@nav=\write8
\openout8 = `Capsules.nav'.

\tf@toc=\write9
\openout9 = `Capsules.toc'.

\tf@snm=\write10
\openout10 = `Capsules.snm'.

Package atveryend Info: Empty hook `BeforeClearDocument' on input line 280.
Package atveryend Info: Empty hook `AfterLastShipout' on input line 280.
 (Capsules.aux)
Package atveryend Info: Executing hook `AtVeryEndDocument' on input line 280.
Package atveryend Info: Executing hook `AtEndAfterFileList' on input line 280.
Package rerunfilecheck Info: File `Capsules.out' has not changed.
(rerunfilecheck)             Checksum: D41D8CD98F00B204E9800998ECF8427E;0.


LaTeX Font Warning: Size substitutions with differences
(Font)              up to 1.0pt have occurred.

Package logreq Info: Writing requests to 'Capsules.run.xml'.
\openout1 = `Capsules.run.xml'.

 ) 
Here is how much of TeX's memory you used:
 24357 strings out of 493335
 462584 string characters out of 3136669
 711908 words of memory out of 3000000
 27322 multiletter control sequences out of 15000+200000
 15276 words of font info for 56 fonts, out of 3000000 for 9000
 1141 hyphenation exceptions out of 8191
 58i,17n,65p,795b,1904s stack positions out of 5000i,500n,10000p,200000b,50000s
<C:/Program Files (x86)/MiKTeX 2.9/fonts/type1/public/amsfonts/cm/cmcsc10.pfb
><C:/Program Files (x86)/MiKTeX 2.9/fonts/type1/public/amsfonts/cm/cmex10.pfb><
C:/Program Files (x86)/MiKTeX 2.9/fonts/type1/public/amsfonts/cm/cmmi10.pfb><C:
/Program Files (x86)/MiKTeX 2.9/fonts/type1/public/amsfonts/cm/cmss10.pfb><C:/P
rogram Files (x86)/MiKTeX 2.9/fonts/type1/public/amsfonts/cm/cmss12.pfb><C:/Pro
gram Files (x86)/MiKTeX 2.9/fonts/type1/public/amsfonts/cm/cmss8.pfb><C:/Progra
m Files (x86)/MiKTeX 2.9/fonts/type1/public/amsfonts/cm/cmss9.pfb><C:/Program F
iles (x86)/MiKTeX 2.9/fonts/type1/public/amsfonts/cm/cmssbx10.pfb><C:/Program F
iles (x86)/MiKTeX 2.9/fonts/type1/public/amsfonts/cm/cmssi10.pfb><C:/Program Fi
les (x86)/MiKTeX 2.9/fonts/type1/public/amsfonts/cm/cmssi8.pfb><C:/Program File
s (x86)/MiKTeX 2.9/fonts/type1/public/amsfonts/cm/cmssi9.pfb><C:/Program Files 
(x86)/MiKTeX 2.9/fonts/type1/public/amsfonts/cm/cmsy10.pfb><C:/Program Files (x
86)/MiKTeX 2.9/fonts/type1/public/amsfonts/cm/cmsy8.pfb><C:/Program Files (x86)
/MiKTeX 2.9/fonts/type1/public/amsfonts/cm/cmtt10.pfb><C:/Program Files (x86)/M
iKTeX 2.9/fonts/type1/public/amsfonts/cm/cmtt9.pfb>
Output written on Capsules.pdf (25 pages, 649426 bytes).
PDF statistics:
 276 PDF objects out of 1000 (max. 8388607)
 55 named destinations out of 1000 (max. 500000)
 108 words of extra memory for PDF output out of 10000 (max. 10000000)

